<?xml version="1.0" encoding="UTF-8"?>
<!-- Generated by org.testng.reporters.JUnitReportReporter -->
<testsuite hostname="LAPTOP-NT85T9R6" failures="0" tests="1" name="testcases.Tc_002logintest" time="3.518" errors="0" timestamp="2023-07-31T11:03:31 IST" skipped="0">
  <testcase classname="testcases.Tc_002logintest" name="testloginsetup" time="3.518"/>
  <system-out/>
</testsuite> <!-- testcases.Tc_002logintest -->
